Flutter crash report.
Please report a bug at https://github.com/flutter/flutter/issues.

## command

flutter run

## exception

StateError: Bad state: No element

```
#0      List.first (dart:core-patch/growable_array.dart:348:5)
#1      ResidentHandlers.debugToggleBrightness (package:flutter_tools/src/resident_runner.dart:851:24)
<asynchronous suspension>
#2      TerminalHandler.processTerminalInput (package:flutter_tools/src/resident_runner.dart:1786:7)
<asynchronous suspension>
```

## flutter doctor

```
[32m[✓][39m Flutter (Channel stable, 3.29.0, on Microsoft Windows [Version 10.0.19045.5737], locale en-US) [472ms]
    [32m•[39m Flutter version 3.29.0 on channel stable at C:\flutter
    [32m•[39m Upstream repository https://github.com/flutter/flutter.git
    [32m•[39m Framework revision 35c388afb5 (2 months ago), 2025-02-10 12:48:41 -0800
    [32m•[39m Engine revision f73bfc4522
    [32m•[39m Dart version 3.7.0
    [32m•[39m DevTools version 2.42.2

[32m[✓][39m Windows Version (10 Pro 64-bit, 22H2, 2009) [2.1s]

[33m[!][39m Android toolchain - develop for Android devices (Android SDK version 35.0.1) [136ms]
    [32m•[39m Android SDK at C:\Users\Poramee Piyapun\AppData\Local\Android\sdk
    [31m✗[39m cmdline-tools component is missing
      Run `path/to/sdkmanager --install "cmdline-tools;latest"`
      See https://developer.android.com/studio/command-line for more details.
    [31m✗[39m Android license status unknown.
      Run `flutter doctor --android-licenses` to accept the SDK licenses.
      See https://flutter.dev/to/windows-android-setup for more details.

[32m[✓][39m Chrome - develop for the web [7ms]
    [32m•[39m Chrome at C:\Program Files\Google\Chrome\Application\chrome.exe

[31m[✗][39m Visual Studio - develop Windows apps [7ms]
    [31m✗[39m Visual Studio not installed; this is necessary to develop Windows apps.
      Download at https://visualstudio.microsoft.com/downloads/.
      Please install the "Desktop development with C++" workload, including all of its default components

[32m[✓][39m Android Studio (version 2024.2) [4ms]
    [32m•[39m Android Studio at C:\Program Files\Android\Android Studio
    [32m•[39m Flutter plugin can be installed from:
      🔨 https://plugins.jetbrains.com/plugin/9212-flutter
    [32m•[39m Dart plugin can be installed from:
      🔨 https://plugins.jetbrains.com/plugin/6351-dart
    [32m•[39m Java version OpenJDK Runtime Environment (build 21.0.4+-12508038-b607.1)

[32m[✓][39m VS Code (version 1.99.3) [3ms]
    [32m•[39m VS Code at C:\Users\Poramee Piyapun\AppData\Local\Programs\Microsoft VS Code
    [32m•[39m Flutter extension version 3.108.0

[32m[✓][39m Connected device (3 available) [79ms]
    [32m•[39m Windows (desktop) • windows • windows-x64    • Microsoft Windows [Version 10.0.19045.5737]
    [32m•[39m Chrome (web)      • chrome  • web-javascript • Google Chrome 135.0.7049.96
    [32m•[39m Edge (web)        • edge    • web-javascript • Microsoft Edge 135.0.3179.85

[32m[✓][39m Network resources [313ms]
    [32m•[39m All expected network resources are available.

[33m![39m Doctor found issues in 2 categories.
```
